{"/home/theo/Proyecto-Iberoamericana/src/backend/src/app.js": {"path":"/home/theo/Proyecto-Iberoamericana/src/backend/src/app.js","statementMap":{"0":{"start":{"line":1,"column":0},"end":{"line":1,"column":27}},"1":{"start":{"line":3,"column":16},"end":{"line":3,"column":34}},"2":{"start":{"line":4,"column":13},"end":{"line":4,"column":28}},"3":{"start":{"line":8,"column":26},"end":{"line":8,"column":63}},"4":{"start":{"line":11,"column":12},"end":{"line":11,"column":21}},"5":{"start":{"line":14,"column":0},"end":{"line":14,"column":16}},"6":{"start":{"line":15,"column":0},"end":{"line":15,"column":24}},"7":{"start":{"line":18,"column":0},"end":{"line":20,"column":3}},"8":{"start":{"line":19,"column":2},"end":{"line":19,"column":29}},"9":{"start":{"line":23,"column":0},"end":{"line":23,"column":48}},"10":{"start":{"line":27,"column":0},"end":{"line":27,"column":21}}},"fnMap":{"0":{"name":"(anonymous_0)","decl":{"start":{"line":18,"column":19},"end":{"line":18,"column":20}},"loc":{"start":{"line":18,"column":33},"end":{"line":20,"column":1}},"line":18}},"branchMap":{},"s":{"0":2,"1":2,"2":2,"3":2,"4":2,"5":2,"6":2,"7":2,"8":1,"9":2,"10":2},"f":{"0":1},"b":{},"_coverageSchema":"1a1c01bbd47fc00a2c39e90264f33305004495a9","hash":"cc3264148405706885f7c0ed248dddca3b7d3c97"}
,"/home/theo/Proyecto-Iberoamericana/src/backend/src/server.js": {"path":"/home/theo/Proyecto-Iberoamericana/src/backend/src/server.js","statementMap":{"0":{"start":{"line":1,"column":0},"end":{"line":1,"column":27}},"1":{"start":{"line":2,"column":12},"end":{"line":2,"column":28}},"2":{"start":{"line":3,"column":18},"end":{"line":3,"column":40}},"3":{"start":{"line":5,"column":13},"end":{"line":5,"column":37}},"4":{"start":{"line":8,"column":0},"end":{"line":15,"column":3}},"5":{"start":{"line":9,"column":2},"end":{"line":11,"column":5}},"6":{"start":{"line":10,"column":4},"end":{"line":10,"column":50}},"7":{"start":{"line":13,"column":2},"end":{"line":13,"column":21}},"8":{"start":{"line":14,"column":2},"end":{"line":14,"column":18}}},"fnMap":{"0":{"name":"(anonymous_0)","decl":{"start":{"line":8,"column":17},"end":{"line":8,"column":18}},"loc":{"start":{"line":8,"column":23},"end":{"line":12,"column":1}},"line":8},"1":{"name":"(anonymous_1)","decl":{"start":{"line":9,"column":19},"end":{"line":9,"column":20}},"loc":{"start":{"line":9,"column":25},"end":{"line":11,"column":3}},"line":9},"2":{"name":"(anonymous_2)","decl":{"start":{"line":12,"column":9},"end":{"line":12,"column":10}},"loc":{"start":{"line":12,"column":18},"end":{"line":15,"column":1}},"line":12}},"branchMap":{"0":{"loc":{"start":{"line":5,"column":13},"end":{"line":5,"column":37}},"type":"binary-expr","locations":[{"start":{"line":5,"column":13},"end":{"line":5,"column":29}},{"start":{"line":5,"column":33},"end":{"line":5,"column":37}}],"line":5}},"s":{"0":2,"1":2,"2":2,"3":2,"4":2,"5":1,"6":1,"7":1,"8":1},"f":{"0":1,"1":1,"2":1},"b":{"0":[2,2]},"_coverageSchema":"1a1c01bbd47fc00a2c39e90264f33305004495a9","hash":"397fa6582d99a8c3292fb58bc458b44efa58a202"}
,"/home/theo/Proyecto-Iberoamericana/src/backend/src/config/db.js": {"path":"/home/theo/Proyecto-Iberoamericana/src/backend/src/config/db.js","statementMap":{"0":{"start":{"line":1,"column":17},"end":{"line":1,"column":36}},"1":{"start":{"line":4,"column":14},"end":{"line":4,"column":37}},"2":{"start":{"line":5,"column":2},"end":{"line":14,"column":3}},"3":{"start":{"line":6,"column":4},"end":{"line":9,"column":7}},"4":{"start":{"line":10,"column":4},"end":{"line":10,"column":40}},"5":{"start":{"line":12,"column":4},"end":{"line":12,"column":57}},"6":{"start":{"line":13,"column":4},"end":{"line":13,"column":16}},"7":{"start":{"line":17,"column":0},"end":{"line":17,"column":27}}},"fnMap":{"0":{"name":"connectDB","decl":{"start":{"line":3,"column":15},"end":{"line":3,"column":24}},"loc":{"start":{"line":3,"column":27},"end":{"line":15,"column":1}},"line":3}},"branchMap":{},"s":{"0":1,"1":2,"2":2,"3":2,"4":1,"5":1,"6":1,"7":1},"f":{"0":2},"b":{},"_coverageSchema":"1a1c01bbd47fc00a2c39e90264f33305004495a9","hash":"c515a550aa424c98504b7fe7c7ef906f862d7c19"}
,"/home/theo/Proyecto-Iberoamericana/src/backend/src/controllers/reservationController.js": {"path":"/home/theo/Proyecto-Iberoamericana/src/backend/src/controllers/reservationController.js","statementMap":{"0":{"start":{"line":1,"column":27},"end":{"line":1,"column":68}},"1":{"start":{"line":14,"column":4},"end":{"line":20,"column":5}},"2":{"start":{"line":15,"column":26},"end":{"line":15,"column":78}},"3":{"start":{"line":16,"column":6},"end":{"line":16,"column":47}},"4":{"start":{"line":18,"column":6},"end":{"line":18,"column":57}},"5":{"start":{"line":19,"column":6},"end":{"line":19,"column":99}},"6":{"start":{"line":29,"column":4},"end":{"line":35,"column":5}},"7":{"start":{"line":30,"column":27},"end":{"line":30,"column":72}},"8":{"start":{"line":31,"column":6},"end":{"line":31,"column":36}},"9":{"start":{"line":33,"column":6},"end":{"line":33,"column":58}},"10":{"start":{"line":34,"column":6},"end":{"line":34,"column":100}},"11":{"start":{"line":44,"column":4},"end":{"line":54,"column":5}},"12":{"start":{"line":45,"column":21},"end":{"line":45,"column":31}},"13":{"start":{"line":46,"column":26},"end":{"line":46,"column":73}},"14":{"start":{"line":47,"column":6},"end":{"line":49,"column":7}},"15":{"start":{"line":48,"column":8},"end":{"line":48,"column":74}},"16":{"start":{"line":50,"column":6},"end":{"line":50,"column":35}},"17":{"start":{"line":52,"column":6},"end":{"line":52,"column":57}},"18":{"start":{"line":53,"column":6},"end":{"line":53,"column":99}},"19":{"start":{"line":63,"column":4},"end":{"line":73,"column":5}},"20":{"start":{"line":64,"column":21},"end":{"line":64,"column":31}},"21":{"start":{"line":65,"column":22},"end":{"line":65,"column":78}},"22":{"start":{"line":66,"column":6},"end":{"line":68,"column":7}},"23":{"start":{"line":67,"column":8},"end":{"line":67,"column":74}},"24":{"start":{"line":69,"column":6},"end":{"line":69,"column":31}},"25":{"start":{"line":71,"column":6},"end":{"line":71,"column":57}},"26":{"start":{"line":72,"column":6},"end":{"line":72,"column":99}},"27":{"start":{"line":82,"column":4},"end":{"line":92,"column":5}},"28":{"start":{"line":83,"column":21},"end":{"line":83,"column":31}},"29":{"start":{"line":84,"column":22},"end":{"line":84,"column":68}},"30":{"start":{"line":85,"column":6},"end":{"line":87,"column":7}},"31":{"start":{"line":86,"column":8},"end":{"line":86,"column":74}},"32":{"start":{"line":88,"column":6},"end":{"line":88,"column":36}},"33":{"start":{"line":90,"column":6},"end":{"line":90,"column":57}},"34":{"start":{"line":91,"column":6},"end":{"line":91,"column":99}},"35":{"start":{"line":96,"column":0},"end":{"line":96,"column":45}}},"fnMap":{"0":{"name":"(anonymous_0)","decl":{"start":{"line":13,"column":2},"end":{"line":13,"column":3}},"loc":{"start":{"line":13,"column":25},"end":{"line":21,"column":3}},"line":13},"1":{"name":"(anonymous_1)","decl":{"start":{"line":28,"column":2},"end":{"line":28,"column":3}},"loc":{"start":{"line":28,"column":23},"end":{"line":36,"column":3}},"line":28},"2":{"name":"(anonymous_2)","decl":{"start":{"line":43,"column":2},"end":{"line":43,"column":3}},"loc":{"start":{"line":43,"column":26},"end":{"line":55,"column":3}},"line":43},"3":{"name":"(anonymous_3)","decl":{"start":{"line":62,"column":2},"end":{"line":62,"column":3}},"loc":{"start":{"line":62,"column":25},"end":{"line":74,"column":3}},"line":62},"4":{"name":"(anonymous_4)","decl":{"start":{"line":81,"column":2},"end":{"line":81,"column":3}},"loc":{"start":{"line":81,"column":25},"end":{"line":93,"column":3}},"line":81}},"branchMap":{"0":{"loc":{"start":{"line":47,"column":6},"end":{"line":49,"column":7}},"type":"if","locations":[{"start":{"line":47,"column":6},"end":{"line":49,"column":7}},{"start":{},"end":{}}],"line":47},"1":{"loc":{"start":{"line":66,"column":6},"end":{"line":68,"column":7}},"type":"if","locations":[{"start":{"line":66,"column":6},"end":{"line":68,"column":7}},{"start":{},"end":{}}],"line":66},"2":{"loc":{"start":{"line":85,"column":6},"end":{"line":87,"column":7}},"type":"if","locations":[{"start":{"line":85,"column":6},"end":{"line":87,"column":7}},{"start":{},"end":{}}],"line":85}},"s":{"0":2,"1":3,"2":3,"3":2,"4":1,"5":1,"6":3,"7":3,"8":2,"9":1,"10":1,"11":3,"12":3,"13":3,"14":2,"15":1,"16":1,"17":1,"18":1,"19":4,"20":4,"21":4,"22":3,"23":1,"24":2,"25":1,"26":1,"27":4,"28":4,"29":4,"30":3,"31":1,"32":2,"33":1,"34":1,"35":2},"f":{"0":3,"1":3,"2":3,"3":4,"4":4},"b":{"0":[1,1],"1":[1,2],"2":[1,2]},"_coverageSchema":"1a1c01bbd47fc00a2c39e90264f33305004495a9","hash":"7edf6e9f6d883f637ac40dc72270523ccc10492c"}
,"/home/theo/Proyecto-Iberoamericana/src/backend/src/models/reservationModel.js": {"path":"/home/theo/Proyecto-Iberoamericana/src/backend/src/models/reservationModel.js","statementMap":{"0":{"start":{"line":1,"column":26},"end":{"line":1,"column":45}},"1":{"start":{"line":8,"column":26},"end":{"line":36,"column":1}},"2":{"start":{"line":38,"column":20},"end":{"line":38,"column":59}},"3":{"start":{"line":40,"column":0},"end":{"line":40,"column":29}}},"fnMap":{},"branchMap":{},"s":{"0":2,"1":2,"2":2,"3":2},"f":{},"b":{},"_coverageSchema":"1a1c01bbd47fc00a2c39e90264f33305004495a9","hash":"2b02bc4d48a25a84b8fd81fd62f0445a33c9a3cc"}
,"/home/theo/Proyecto-Iberoamericana/src/backend/src/routes/reservationRoutes.js": {"path":"/home/theo/Proyecto-Iberoamericana/src/backend/src/routes/reservationRoutes.js","statementMap":{"0":{"start":{"line":1,"column":16},"end":{"line":1,"column":34}},"1":{"start":{"line":2,"column":30},"end":{"line":2,"column":77}},"2":{"start":{"line":4,"column":15},"end":{"line":4,"column":31}},"3":{"start":{"line":7,"column":0},"end":{"line":7,"column":75}},"4":{"start":{"line":8,"column":0},"end":{"line":8,"column":72}},"5":{"start":{"line":9,"column":0},"end":{"line":9,"column":78}},"6":{"start":{"line":10,"column":0},"end":{"line":10,"column":77}},"7":{"start":{"line":11,"column":0},"end":{"line":11,"column":80}},"8":{"start":{"line":13,"column":0},"end":{"line":13,"column":24}}},"fnMap":{},"branchMap":{},"s":{"0":1,"1":1,"2":1,"3":1,"4":1,"5":1,"6":1,"7":1,"8":1},"f":{},"b":{},"_coverageSchema":"1a1c01bbd47fc00a2c39e90264f33305004495a9","hash":"8ab9c04195c2f57abaf5f364d0b965c3e76d2cea"}
,"/home/theo/Proyecto-Iberoamericana/src/backend/src/services/reservationService.js": {"path":"/home/theo/Proyecto-Iberoamericana/src/backend/src/services/reservationService.js","statementMap":{"0":{"start":{"line":1,"column":20},"end":{"line":1,"column":57}},"1":{"start":{"line":14,"column":24},"end":{"line":14,"column":45}},"2":{"start":{"line":15,"column":4},"end":{"line":15,"column":36}},"3":{"start":{"line":23,"column":4},"end":{"line":23,"column":60}},"4":{"start":{"line":32,"column":4},"end":{"line":32,"column":42}},"5":{"start":{"line":42,"column":4},"end":{"line":42,"column":72}},"6":{"start":{"line":51,"column":4},"end":{"line":51,"column":51}},"7":{"start":{"line":55,"column":0},"end":{"line":55,"column":42}}},"fnMap":{"0":{"name":"(anonymous_0)","decl":{"start":{"line":13,"column":2},"end":{"line":13,"column":3}},"loc":{"start":{"line":13,"column":32},"end":{"line":16,"column":3}},"line":13},"1":{"name":"(anonymous_1)","decl":{"start":{"line":22,"column":2},"end":{"line":22,"column":3}},"loc":{"start":{"line":22,"column":29},"end":{"line":24,"column":3}},"line":22},"2":{"name":"(anonymous_2)","decl":{"start":{"line":31,"column":2},"end":{"line":31,"column":3}},"loc":{"start":{"line":31,"column":31},"end":{"line":33,"column":3}},"line":31},"3":{"name":"(anonymous_3)","decl":{"start":{"line":41,"column":2},"end":{"line":41,"column":3}},"loc":{"start":{"line":41,"column":36},"end":{"line":43,"column":3}},"line":41},"4":{"name":"(anonymous_4)","decl":{"start":{"line":50,"column":2},"end":{"line":50,"column":3}},"loc":{"start":{"line":50,"column":30},"end":{"line":52,"column":3}},"line":50}},"branchMap":{},"s":{"0":2,"1":1,"2":1,"3":1,"4":2,"5":1,"6":1,"7":2},"f":{"0":1,"1":1,"2":2,"3":1,"4":1},"b":{},"_coverageSchema":"1a1c01bbd47fc00a2c39e90264f33305004495a9","hash":"11d69030b6a5e54573e15380d95ef987feceb187"}
}
