TN:
SF:src/app.js
FN:18,(anonymous_0)
FNF:1
FNH:1
FNDA:1,(anonymous_0)
DA:1,2
DA:3,2
DA:4,2
DA:8,2
DA:11,2
DA:14,2
DA:15,2
DA:18,2
DA:19,1
DA:23,2
DA:25,2
LF:11
LH:11
BRF:0
BRH:0
end_of_record
TN:
SF:src/server.js
FN:8,(anonymous_0)
FN:9,(anonymous_1)
FN:12,(anonymous_2)
FNF:3
FNH:3
FNDA:1,(anonymous_0)
FNDA:1,(anonymous_1)
FNDA:1,(anonymous_2)
DA:1,2
DA:2,2
DA:3,2
DA:5,2
DA:8,2
DA:9,1
DA:10,1
DA:13,1
DA:14,1
LF:9
LH:9
BRDA:5,0,0,2
BRDA:5,0,1,2
BRF:2
BRH:2
end_of_record
TN:
SF:src/config/db.js
FN:3,connectDB
FNF:1
FNH:1
FNDA:2,connectDB
DA:1,1
DA:4,2
DA:5,2
DA:6,2
DA:10,1
DA:12,1
DA:13,1
DA:17,1
LF:8
LH:8
BRF:0
BRH:0
end_of_record
TN:
SF:src/controllers/reservationController.js
FN:4,(anonymous_0)
FN:17,(anonymous_1)
FN:27,(anonymous_2)
FN:40,(anonymous_3)
FN:59,(anonymous_4)
FN:72,(anonymous_5)
FN:110,(anonymous_6)
FN:115,(anonymous_7)
FNF:8
FNH:8
FNDA:3,(anonymous_0)
FNDA:3,(anonymous_1)
FNDA:3,(anonymous_2)
FNDA:3,(anonymous_3)
FNDA:4,(anonymous_4)
FNDA:3,(anonymous_5)
FNDA:1,(anonymous_6)
FNDA:2,(anonymous_7)
DA:1,2
DA:4,2
DA:5,3
DA:6,3
DA:7,3
DA:8,2
DA:10,1
DA:12,1
DA:17,2
DA:18,3
DA:19,3
DA:20,2
DA:22,1
DA:27,2
DA:28,3
DA:29,3
DA:30,2
DA:31,1
DA:33,1
DA:35,1
DA:40,2
DA:41,3
DA:42,3
DA:48,3
DA:49,1
DA:52,2
DA:54,0
DA:59,2
DA:60,4
DA:61,4
DA:62,3
DA:63,1
DA:65,2
DA:67,1
DA:72,2
DA:73,3
DA:74,3
DA:85,2
DA:98,2
DA:107,2
DA:110,1
DA:115,2
DA:121,2
DA:123,1
DA:124,1
LF:45
LH:44
BRDA:30,0,0,1
BRDA:30,0,1,1
BRDA:48,1,0,1
BRDA:48,1,1,2
BRDA:62,2,0,1
BRDA:62,2,1,2
BRDA:108,3,0,2
BRDA:108,3,1,1
BRDA:109,4,0,2
BRDA:109,4,1,1
BRDA:111,5,0,1
BRDA:111,5,1,0
BRDA:116,6,0,2
BRDA:116,6,1,0
BRF:14
BRH:12
end_of_record
TN:
SF:src/models/reservationModel.js
FNF:0
FNH:0
DA:1,3
DA:8,3
DA:38,3
DA:40,3
LF:4
LH:4
BRF:0
BRH:0
end_of_record
TN:
SF:src/routes/reservationRoutes.js
FNF:0
FNH:0
DA:1,1
DA:2,1
DA:3,1
DA:6,1
DA:9,1
DA:10,1
DA:13,1
DA:14,1
DA:15,1
DA:17,1
LF:10
LH:10
BRF:0
BRH:0
end_of_record
TN:
SF:src/services/reservationService.js
FN:13,(anonymous_0)
FN:22,(anonymous_1)
FN:31,(anonymous_2)
FN:41,(anonymous_3)
FN:50,(anonymous_4)
FNF:5
FNH:5
FNDA:1,(anonymous_0)
FNDA:1,(anonymous_1)
FNDA:2,(anonymous_2)
FNDA:1,(anonymous_3)
FNDA:1,(anonymous_4)
DA:1,1
DA:14,1
DA:15,1
DA:23,1
DA:32,2
DA:42,1
DA:51,1
DA:55,1
LF:8
LH:8
BRF:0
BRH:0
end_of_record
