TN:
SF:src/app.js
FN:18,(anonymous_0)
FNF:1
FNH:1
FNDA:1,(anonymous_0)
DA:1,2
DA:3,2
DA:4,2
DA:8,2
DA:11,2
DA:14,2
DA:15,2
DA:18,2
DA:19,1
DA:23,2
DA:25,2
LF:11
LH:11
BRF:0
BRH:0
end_of_record
TN:
SF:src/server.js
FN:8,(anonymous_0)
FN:9,(anonymous_1)
FN:12,(anonymous_2)
FNF:3
FNH:3
FNDA:1,(anonymous_0)
FNDA:1,(anonymous_1)
FNDA:1,(anonymous_2)
DA:1,2
DA:2,2
DA:3,2
DA:5,2
DA:8,2
DA:9,1
DA:10,1
DA:13,1
DA:14,1
LF:9
LH:9
BRDA:5,0,0,2
BRDA:5,0,1,2
BRF:2
BRH:2
end_of_record
TN:
SF:src/config/db.js
FN:3,connectDB
FNF:1
FNH:1
FNDA:2,connectDB
DA:1,1
DA:4,2
DA:5,2
DA:6,2
DA:10,1
DA:12,1
DA:13,1
DA:17,1
LF:8
LH:8
BRF:0
BRH:0
end_of_record
TN:
SF:src/controllers/reservationController.js
FN:13,(anonymous_0)
FN:28,(anonymous_1)
FN:43,(anonymous_2)
FN:62,(anonymous_3)
FN:81,(anonymous_4)
FNF:5
FNH:5
FNDA:3,(anonymous_0)
FNDA:3,(anonymous_1)
FNDA:3,(anonymous_2)
FNDA:4,(anonymous_3)
FNDA:4,(anonymous_4)
DA:1,2
DA:14,3
DA:15,3
DA:16,2
DA:18,1
DA:19,1
DA:29,3
DA:30,3
DA:31,2
DA:33,1
DA:34,1
DA:44,3
DA:45,3
DA:46,3
DA:47,2
DA:48,1
DA:50,1
DA:52,1
DA:53,1
DA:63,4
DA:64,4
DA:65,4
DA:66,3
DA:67,1
DA:69,2
DA:71,1
DA:72,1
DA:82,4
DA:83,4
DA:84,4
DA:85,3
DA:86,1
DA:88,2
DA:90,1
DA:91,1
DA:96,2
LF:36
LH:36
BRDA:47,0,0,1
BRDA:47,0,1,1
BRDA:66,1,0,1
BRDA:66,1,1,2
BRDA:85,2,0,1
BRDA:85,2,1,2
BRF:6
BRH:6
end_of_record
TN:
SF:src/models/reservationModel.js
FNF:0
FNH:0
DA:1,2
DA:8,2
DA:38,2
DA:40,2
LF:4
LH:4
BRF:0
BRH:0
end_of_record
TN:
SF:src/routes/reservationRoutes.js
FNF:0
FNH:0
DA:1,1
DA:2,1
DA:4,1
DA:7,1
DA:8,1
DA:9,1
DA:10,1
DA:11,1
DA:13,1
LF:9
LH:9
BRF:0
BRH:0
end_of_record
TN:
SF:src/services/reservationService.js
FN:13,(anonymous_0)
FN:22,(anonymous_1)
FN:31,(anonymous_2)
FN:41,(anonymous_3)
FN:50,(anonymous_4)
FNF:5
FNH:5
FNDA:1,(anonymous_0)
FNDA:1,(anonymous_1)
FNDA:2,(anonymous_2)
FNDA:1,(anonymous_3)
FNDA:1,(anonymous_4)
DA:1,2
DA:14,1
DA:15,1
DA:23,1
DA:32,2
DA:42,1
DA:51,1
DA:55,2
LF:8
LH:8
BRF:0
BRH:0
end_of_record
